<?xml version="1.0" encoding="UTF-8"?>
<!-- Generated by org.testng.reporters.JUnitReportReporter -->
<testsuite hostname="EMI-PC" failures="0" tests="4" name="testCase.TestCaseWiki" time="42.470" errors="0" timestamp="2023-07-03T16:39:05 ART" skipped="0">
  <testcase classname="testCase.TestCaseWiki" name="ValidarBusquedaWikipedia" time="10.841">
    <system-out>
      <![CDATA[ubicar el elemento web de la caja de texto busqued
Se visualiza o despliega la caja de texto
Ingresar la palabra: TDD
presionar enter
En la pagina de resultado, busco el titulo
El titulo es visible
Verificar que el titulo sea: Desarrollo guiado por pruebas]]>
    </system-out>
  </testcase> <!-- ValidarBusquedaWikipedia -->
  <testcase classname="testCase.TestCaseWiki" name="ValidarBusquedaWikipedia" time="9.898">
    <system-out>
      <![CDATA[ubicar el elemento web de la caja de texto busqued
Se visualiza o despliega la caja de texto
Ingresar la palabra: Selenium
presionar enter
En la pagina de resultado, busco el titulo
El titulo es visible
Verificar que el titulo sea: Selenium]]>
    </system-out>
  </testcase> <!-- ValidarBusquedaWikipedia -->
  <testcase classname="testCase.TestCaseWiki" name="ValidarBusquedaWikipedia" time="10.959">
    <system-out>
      <![CDATA[ubicar el elemento web de la caja de texto busqued
Se visualiza o despliega la caja de texto
Ingresar la palabra: Testeo
presionar enter
En la pagina de resultado, busco el titulo
El titulo es visible
Verificar que el titulo sea: Pruebas de software]]>
    </system-out>
  </testcase> <!-- ValidarBusquedaWikipedia -->
  <testcase classname="testCase.TestCaseWiki" name="ValidarBusquedaWikipedia" time="10.772">
    <system-out>
      <![CDATA[ubicar el elemento web de la caja de texto busqued
Se visualiza o despliega la caja de texto
Ingresar la palabra: DATA DRIVEN TESTING
presionar enter
En la pagina de resultado, busco el titulo
El titulo es visible
Verificar que el titulo sea: Data-driven testing]]>
    </system-out>
  </testcase> <!-- ValidarBusquedaWikipedia -->
  <system-out>
    <![CDATA[Nombre: LASCANO MARIA EMILIA 
Abro Chrome
Abro browser
Borro todas las cookies
ubicar el elemento web de la caja de texto busqued
Se visualiza o despliega la caja de texto
Ingresar la palabra: Selenium
presionar enter
En la pagina de resultado, busco el titulo
El titulo es visible
Verificar que el titulo sea: Selenium
Cierro Chrome
Nombre: LASCANO MARIA EMILIA 
Abro Chrome
Abro browser
Borro todas las cookies
ubicar el elemento web de la caja de texto busqued
Se visualiza o despliega la caja de texto
Ingresar la palabra: TDD
presionar enter
En la pagina de resultado, busco el titulo
El titulo es visible
Verificar que el titulo sea: Desarrollo guiado por pruebas
Cierro Chrome
Nombre: LASCANO MARIA EMILIA 
Abro Chrome
Abro browser
Borro todas las cookies
ubicar el elemento web de la caja de texto busqued
Se visualiza o despliega la caja de texto
Ingresar la palabra: DATA DRIVEN TESTING
presionar enter
En la pagina de resultado, busco el titulo
El titulo es visible
Verificar que el titulo sea: Data-driven testing
Cierro Chrome
Nombre: LASCANO MARIA EMILIA 
Abro Chrome
Abro browser
Borro todas las cookies
ubicar el elemento web de la caja de texto busqued
Se visualiza o despliega la caja de texto
Ingresar la palabra: Testeo
presionar enter
En la pagina de resultado, busco el titulo
El titulo es visible
Verificar que el titulo sea: Pruebas de software
Cierro Chrome]]>
  </system-out>
</testsuite> <!-- testCase.TestCaseWiki -->
